Arguments: 
  C:\Program Files\nodejs\node.exe C:\Program Files (x86)\Yarn\bin\yarn.js

PATH: 
  C:\Program Files\Git\mingw64\bin;C:\Program Files\Git\usr\bin;C:\Users\Ryan\bin;C:\Program Files\Docker\Docker\Resources\bin;C:\WINDOWS\system32;C:\WINDOWS;C:\WINDOWS\System32\Wbem;C:\WINDOWS\System32\WindowsPowerShell\v1.0;C:\WINDOWS\System32\OpenSSH;C:\Program Files\PuTTY;C:\Program Files\nodejs;C:\Program Files (x86)\Yarn\bin;C:\Program Files (x86)\Nodist\bin;C:\xampp\php;C:\ProgramData\ComposerSetup\bin;C:\Program Files (x86)\Windows Kits\8.1\Windows Performance Toolkit;C:\Users\Ryan\AppData\Local\Microsoft\WindowsApps;C:\Program Files\Microsoft VS Code\bin;C:\Users\Ryan\AppData\Roaming\npm;C:\Users\Ryan\AppData\Local\atom\bin;C:\Users\Ryan\AppData\Local\Yarn\bin;C:\Users\Ryan\AppData\Roaming\Composer\vendor\bin

Yarn version: 
  1.7.0

Node version: 
  10.5.0

Platform: 
  win32 x64

Trace: 
  SyntaxError: C:\Users\Ryan\Desktop\spliceTest\package.json: Unexpected token } in JSON at position 285
      at JSON.parse (<anonymous>)
      at C:\Program Files (x86)\Yarn\lib\cli.js:1130:59
      at Generator.next (<anonymous>)
      at step (C:\Program Files (x86)\Yarn\lib\cli.js:98:30)
      at C:\Program Files (x86)\Yarn\lib\cli.js:109:13

npm manifest: 
  {
  	"name": "vue-foundation-jquery",
  	"description": "Vue, Foundation, JQuery",
  	"version": "1.0.0",
  	"author": "Hagen Rode <hagen@limabean.co.za>",
  	"private": true,
  	"scripts": {
  		"watch": "cross-env webpack --progress --colors --watch --mode development --config webpack.conf.js",
  	},
  	"devDependencies": {
  		"babel-core": "^6.26.0",
  		"babel-loader": "^7.0.0",
  		"babel-plugin-transform-es2015-destructuring": "^6.23.0",
  		"babel-plugin-transform-object-rest-spread": "^6.26.0",
  		"babel-plugin-transform-runtime": "^6.23.0",
  		"babel-preset-env": "^1.6.1",
  		"babel-preset-es2015": "^6.24.1",
  		"babel-preset-es2016": "^6.24.1",
  		"babel-preset-stage-2": "^6.24.1",
  		"babel-register": "^6.26.0",
  		"browser-sync": "^2.10.0",
  		"cross-env": "^5.0.5",
  		"css-loader": "^0.28.7",
  		"extract-loader": "^2.0.1",
  		"file-loader": "^1.1.11",
  		"gulp": "github:gulpjs/gulp#4.0",
  		"gulp-autoprefixer": "^3.1.0",
  		"gulp-babel": "^6.1.2",
  		"gulp-clean-css": "^3.3.1",
  		"gulp-cli": "^1.2.1",
  		"gulp-concat": "^2.5.2",
  		"gulp-extname": "^0.2.0",
  		"gulp-if": "^2.0.0",
  		"gulp-imagemin": "^2.2.1",
  		"gulp-load-plugins": "^1.1.0",
  		"gulp-sass": "^2.1.0",
  		"gulp-sourcemaps": "^1.6.0",
  		"gulp-uglify": "^1.2.0",
  		"gulp-uncss": "^1.0.1",
  		"js-yaml": "^3.4.6",
  		"node-sass": "^4.8.3",
  		"panini": "^1.3.0",
  		"parallel-webpack": "^2.3.0",
  		"rimraf": "^2.4.3",
  		"sass-loader": "^6.0.6",
  		"style-sherpa": "^1.0.0",
  		"vinyl-named": "^1.1.0",
  		"vue": "^2.5.16",
  		"vue-loader": "^14.2.2",
  		"vue-template-compiler": "^2.5.16",
  		"webpack": "^4.3.0",
  		"webpack-livereload-plugin": "^2.1.1",
  		"webpack-merge": "^4.1.2",
  		"webpack-stream": "^3.2.0",
  		"yargs": "^3.8.0"
  	},
  	"repository": {
  		"type": "git",
  		"url": "https://github.com/zurb/foundation-zurb-template.git"
  	},
  	"bugs": {
  		"url": "https://github.com/zurb/foundation-sites/issues",
  		"email": "foundation@zurb.com"
  	},
  	"babel": {
  		"presets": [
  			"es2015"
  		]
  	},
  	"dependencies": {
  		"autoprefixer-loader": "^3.2.0",
  		"axios": "^0.17.1",
  		"babel-polyfill": "^6.26.0",
  		"expose-loader": "^0.7.3",
  		"extract-text-webpack-plugin": "^4.0.0-beta.0",
  		"foundation-sites": "~6.4.1",
  		"highcharts": "^6.0.4",
  		"import-glob-loader": "^1.1.0",
  		"inputmask": "^3.3.11",
  		"jquery": ">=3.0.0",
  		"js-cookie": "^2.2.0",
  		"moment": "^2.22.0",
  		"motion-ui": "~1.2.2",
  		"pikaday": "^1.7.0",
  		"pikaday-jquery": "^1.0.0",
  		"postcss-loader": "^2.1.3",
  		"slick-carousel": "^1.7.1",
  		"transform-runtime": "^0.0.0",
  		"vue-awesome-swiper": "^3.0.7",
  		"vue-highcharts": "^0.0.10",
  		"vue-material": "beta",
  		"vue-select": "^2.3.0",
  		"vue-social-sharing": "^2.3.3",
  		"vue-transmit": "9.0.0-alpha.8",
  		"vue-underscore": "^0.1.4",
  		"vuedraggable": "^2.16.0",
  		"vuex": "^3.0.1",
  		"webpack-cli": "^2.0.13",
  		"webpack-dashboard": "^1.1.1",
  		"what-input": "^4.1.3"
  	}
  }

yarn manifest: 
  No manifest

Lockfile: 
  No lockfile
